<?xml version="1.0" encoding="UTF-8"?>
<!-- Generated by org.testng.reporters.JUnitReportReporter -->
<testsuite hostname="priteshs-mbp-2.lan" failures="0" tests="1" name="gemini.project.testcases.RoombaTestCases" time="0.034" errors="0" timestamp="24 Jul 2021 20:19:26 GMT">
  <testcase classname="gemini.project.testcases.RoombaTestCases" name="test404ResponseCode" time="0.034"/>
</testsuite> <!-- gemini.project.testcases.RoombaTestCases -->
