<?xml version="1.0" encoding="UTF-8"?>
<!-- Generated by org.testng.reporters.JUnitReportReporter -->
<testsuite hostname="priteshs-mbp-2.lan" failures="0" tests="2" name="gemini.project.testcases.NewOrder" time="0.960" errors="0" timestamp="24 Jul 2021 19:32:18 GMT">
  <testcase classname="gemini.project.testcases.NewOrder" name="testResponseCode" time="0.944"/>
  <testcase classname="gemini.project.testcases.NewOrder" name="testbody" time="0.016"/>
</testsuite> <!-- gemini.project.testcases.NewOrder -->
